2023-10-22 09:28:49,853 [main] INFO  FileCleaner - The Cleaned File is displayed in Console
2023-10-22 09:28:49,861 [main] INFO  FileCleaner - File is Cleaned
2023-10-22 09:29:01,431 [main] ERROR FileCleaner - Data validation error at line 5: Invalid email format.
2023-10-22 09:29:01,432 [main] INFO  FileCleaner - The Cleaned File is displayed in Console
2023-10-22 09:29:01,433 [main] INFO  FileCleaner - File is Cleaned
2023-10-22 09:45:07,818 [main] ERROR EmailListCleaner - Data validation error at line 3: Invalid number of fields.
2023-10-22 09:46:03,702 [main] ERROR EmailListCleaner - Data validation error at line 3: Invalid number of fields.
2023-10-22 11:43:31,611 [main] ERROR EmailListCleaner - Data validation error at line 3: Invalid number of fields.
2023-10-22 11:43:57,185 [main] ERROR EmailListCleaner - Data validation error at line 3: Invalid number of fields.
2023-10-22 11:44:45,591 [main] ERROR EmailListCleaner - Data validation error at line 3: Invalid number of fields.
2023-10-22 11:45:14,209 [main] ERROR EmailListCleaner - Data validation error at line 3: Invalid number of fields.
2023-10-22 11:47:25,023 [main] ERROR EmailListCleaner - Data validation error at line 3: Invalid number of fields.
2023-10-22 12:04:39,834 [main] INFO  FileCleaner - The Cleaned File is displayed in Console
2023-10-22 12:04:39,839 [main] INFO  FileCleaner - File is Cleaned
2023-10-22 22:34:38,826 [main] INFO  FileCleaner - The Cleaned File is displayed in Console
2023-10-22 22:34:38,830 [main] INFO  FileCleaner - File is Cleaned
2023-10-22 22:34:47,871 [main] ERROR FileCleaner - Data validation error at line 5: Invalid email format.
2023-10-22 22:34:47,873 [main] INFO  FileCleaner - The Cleaned File is displayed in Console
2023-10-22 22:34:47,874 [main] INFO  FileCleaner - File is Cleaned
2023-10-22 22:41:58,649 [main] ERROR FileCleaner - Input File is not found
2023-10-22 22:47:50,677 [main] ERROR FileCleaner - Data validation error at line 5: Invalid email format.
2023-10-22 22:47:50,681 [main] INFO  FileCleaner - The Cleaned File is displayed in Console
2023-10-22 22:47:50,681 [main] INFO  FileCleaner - File is Cleaned
2023-10-22 23:17:26,128 [main] INFO  FileCleaner - The Cleaned File is displayed in Console
2023-10-22 23:17:26,133 [main] INFO  FileCleaner - File is Cleaned
2023-10-23 00:13:08,483 [main] INFO  FileCleaner - The Cleaned File is displayed in Console
2023-10-23 00:13:08,487 [main] INFO  FileCleaner - File is Cleaned
2023-10-23 10:12:28,224 [main] ERROR EmailListCleaner - Data validation error at line 3: Invalid number of fields.
2023-10-23 11:59:49,968 [main] ERROR EmailListCleaner - Data validation error at line 3: Invalid number of fields.
2023-10-23 15:22:11,513 [main] INFO  FileCleaner - File Cleaner
2023-10-23 15:22:11,515 [main] INFO  FileCleaner - Accept the input File
2023-10-23 15:26:24,903 [main] INFO  FileCleaner - The Cleaned File is displayed in Console
2023-10-23 15:26:24,903 [main] INFO  FileCleaner - File is Cleaned
2023-10-23 15:35:22,849 [main] ERROR FileCleaner - Data validation error at line 5: Invalid email format.
2023-10-23 15:35:22,853 [main] INFO  FileCleaner - The Cleaned File is displayed in Console
2023-10-23 15:35:22,854 [main] INFO  FileCleaner - File is Cleaned
2023-10-23 15:48:02,541 [main] INFO  FileCleaner - The Cleaned File is displayed in Console
2023-10-23 15:48:02,545 [main] INFO  FileCleaner - File is Cleaned
2023-10-23 15:49:22,349 [main] INFO  FileCleaner - The Cleaned File is displayed in Console
2023-10-23 15:49:22,349 [main] INFO  FileCleaner - File is Cleaned
2023-10-23 15:50:38,216 [main] INFO  FileCleaner - The Cleaned File is displayed in Console
2023-10-23 15:50:38,220 [main] INFO  FileCleaner - File is Cleaned
2023-10-23 15:51:04,616 [main] INFO  FileCleaner - The Cleaned File is displayed in Console
2023-10-23 15:51:04,616 [main] INFO  FileCleaner - File is Cleaned
2023-10-23 15:51:09,634 [main] ERROR FileCleaner - Data validation error at line 5: Invalid email format.
2023-10-23 15:51:09,635 [main] INFO  FileCleaner - The Cleaned File is displayed in Console
2023-10-23 15:51:09,636 [main] INFO  FileCleaner - File is Cleaned
2023-10-23 15:51:22,375 [main] ERROR FileCleaner - Input File is not found
2023-10-23 16:56:05,526 [main] INFO  FileCleaner - File Cleaner
2023-10-23 16:56:05,530 [main] INFO  FileCleaner - Accept the input File
2023-10-23 16:56:12,760 [main] INFO  FileCleaner - The Cleaned File is displayed in Console
2023-10-23 16:56:12,760 [main] INFO  FileCleaner - File is Cleaned
2023-10-23 16:57:38,743 [main] INFO  FileCleaner - File Cleaner
2023-10-23 16:57:38,746 [main] INFO  FileCleaner - Accept the input File
2023-10-23 16:57:48,227 [main] INFO  FileCleaner - The Cleaned File is displayed in Console
2023-10-23 16:57:48,227 [main] INFO  FileCleaner - File is Cleaned
2023-10-23 17:01:16,295 [main] INFO  FileCleaner - File Cleaner
2023-10-23 17:01:16,298 [main] INFO  FileCleaner - Accept the input File
2023-10-23 17:01:20,239 [main] INFO  FileCleaner - The Cleaned File is displayed in Console
2023-10-23 17:01:20,240 [main] INFO  FileCleaner - File is Cleaned
2023-10-23 18:08:37,373 [main] INFO  FileCleaner - File Cleaner
2023-10-23 18:08:37,375 [main] INFO  FileCleaner - Accept the input File
2023-10-23 18:10:19,893 [main] ERROR FileCleaner - Data validation error at line 6: Invalid email format.
2023-10-23 18:10:19,896 [main] INFO  FileCleaner - The Cleaned File is displayed in Console
2023-10-23 18:10:19,896 [main] INFO  FileCleaner - File is Cleaned
2023-10-23 18:12:35,535 [main] INFO  FileCleaner - File Cleaner
2023-10-23 18:12:35,535 [main] INFO  FileCleaner - Accept the input File
2023-10-23 18:12:40,329 [main] ERROR FileCleaner - Data validation error at line 4: Invalid email format.
2023-10-23 18:12:40,331 [main] INFO  FileCleaner - The Cleaned File is displayed in Console
2023-10-23 18:12:40,331 [main] INFO  FileCleaner - File is Cleaned
2023-10-23 18:13:40,238 [main] INFO  FileCleaner - File Cleaner
2023-10-23 18:13:40,238 [main] INFO  FileCleaner - Accept the input File
2023-10-23 18:13:48,535 [main] ERROR FileCleaner - Data validation error at line 4: Invalid email format.
2023-10-23 18:13:48,536 [main] ERROR FileCleaner - Data validation error at line 6: Invalid email format.
2023-10-23 18:13:48,538 [main] INFO  FileCleaner - The Cleaned File is displayed in Console
2023-10-23 18:13:48,538 [main] INFO  FileCleaner - File is Cleaned
2023-10-23 18:18:58,419 [main] INFO  FileCleaner - File Cleaner
2023-10-23 18:18:58,422 [main] INFO  FileCleaner - Accept the input File
2023-10-23 18:19:03,352 [main] ERROR FileCleaner - Data validation error at line 4: Invalid email format.
2023-10-23 18:19:03,352 [main] ERROR FileCleaner - Data validation error at line 6: Invalid email format.
2023-10-23 18:19:03,353 [main] ERROR FileCleaner - Data validation error at line 7: Invalid number of fields.
2023-10-23 18:19:03,354 [main] INFO  FileCleaner - The Cleaned File is displayed in Console
2023-10-23 18:19:03,354 [main] INFO  FileCleaner - File is Cleaned
2023-10-23 18:34:42,306 [main] INFO  FileCleaner - File Cleaner
2023-10-23 18:34:42,309 [main] INFO  FileCleaner - Accept the input File
2023-10-23 18:34:45,555 [main] ERROR FileCleaner - Input File is not found
2023-10-23 18:38:58,136 [main] INFO  FileCleaner - The Cleaned File is displayed in Console
2023-10-23 18:38:58,142 [main] INFO  FileCleaner - File is Cleaned
2023-10-23 18:39:46,664 [main] INFO  FileCleaner - The Cleaned File is displayed in Console
2023-10-23 18:39:46,669 [main] INFO  FileCleaner - File is Cleaned
2023-10-23 18:39:54,675 [main] ERROR FileCleaner - Data validation error at line 6: Invalid email format.
2023-10-23 18:39:54,678 [main] INFO  FileCleaner - The Cleaned File is displayed in Console
2023-10-23 18:39:54,679 [main] INFO  FileCleaner - File is Cleaned
2023-10-23 18:40:16,056 [main] ERROR FileCleaner - Input File is not found
2023-10-24 13:36:33,112 [main] ERROR FileCleaner - Input File is not found
2023-10-24 13:36:38,533 [main] ERROR FileCleaner - Data validation error at line 5: Invalid email format.
2023-10-24 13:36:38,536 [main] INFO  FileCleaner - The Cleaned File is displayed in Console
2023-10-24 13:36:38,537 [main] INFO  FileCleaner - File is Cleaned
2023-10-24 13:36:46,958 [main] INFO  FileCleaner - The Cleaned File is displayed in Console
2023-10-24 13:36:46,958 [main] INFO  FileCleaner - File is Cleaned
2023-10-24 14:26:19,934 [main] ERROR FileCleaner - Data validation error at line 5: Invalid email format.
2023-10-24 14:26:19,945 [main] INFO  FileCleaner - The Cleaned File is displayed in Console
2023-10-24 14:26:19,945 [main] INFO  FileCleaner - File is Cleaned
2023-10-24 14:41:41,146 [main] ERROR EmailListCleaner - Data validation error at line 3: Invalid number of fields.
2023-10-24 14:42:07,150 [main] ERROR EmailListCleaner - Data validation error at line 3: Invalid number of fields.
2023-10-24 14:42:29,141 [main] INFO  FileCleaner - The Cleaned File is displayed in Console
2023-10-24 14:42:29,146 [main] INFO  FileCleaner - File is Cleaned
2023-10-24 14:42:45,865 [main] ERROR EmailListCleaner - Data validation error at line 3: Invalid number of fields.
2023-10-24 14:47:35,180 [main] ERROR EmailListCleaner - Data validation error at line 3: Invalid number of fields.
2023-10-24 14:48:40,332 [main] ERROR EmailListCleaner - Data validation error at line 3: Invalid number of fields.
2023-10-24 14:49:41,745 [main] ERROR EmailListCleaner - Data validation error at line 3: Invalid number of fields.
2023-10-24 14:50:05,392 [main] ERROR EmailListCleaner - Data validation error at line 3: Invalid number of fields.
2023-10-24 14:50:17,041 [main] ERROR FileCleaner - Data validation error at line 5: Invalid email format.
2023-10-24 14:50:17,046 [main] INFO  FileCleaner - The Cleaned File is displayed in Console
2023-10-24 14:50:17,047 [main] INFO  FileCleaner - File is Cleaned
2023-10-24 15:56:24,610 [main] ERROR FileCleaner - Data validation error at line 5: Invalid email format.
2023-10-24 15:56:24,621 [main] INFO  FileCleaner - The Cleaned File is displayed in Console
2023-10-24 15:56:24,622 [main] INFO  FileCleaner - File is Cleaned
2023-10-24 16:01:11,584 [main] INFO  FileCleaner - File Cleaner
2023-10-24 16:01:11,588 [main] INFO  FileCleaner - Accept the input File
2023-10-24 16:01:17,552 [main] ERROR FileCleaner - Data validation error at line 5: Invalid email format.
2023-10-24 16:01:17,555 [main] INFO  FileCleaner - The Cleaned File is displayed in Console
2023-10-24 16:01:17,555 [main] INFO  FileCleaner - File is Cleaned
2023-10-24 16:04:56,332 [main] INFO  FileCleaner - File Cleaner
2023-10-24 16:04:56,336 [main] INFO  FileCleaner - Accept the input File
2023-10-24 16:05:13,577 [main] INFO  FileCleaner - The Cleaned File is displayed in Console
2023-10-24 16:05:13,577 [main] INFO  FileCleaner - File is Cleaned
2023-10-24 16:11:06,635 [main] INFO  FileCleaner - File Cleaner
2023-10-24 16:11:06,637 [main] INFO  FileCleaner - Accept the input File
2023-10-24 16:11:14,285 [main] ERROR FileCleaner - Data validation error at line 5: Invalid email format.
2023-10-24 16:11:14,287 [main] INFO  FileCleaner - The Cleaned File is displayed in Console
2023-10-24 16:11:14,287 [main] INFO  FileCleaner - File is Cleaned
2023-10-24 16:11:42,333 [main] INFO  FileCleaner - File Cleaner
2023-10-24 16:11:42,339 [main] INFO  FileCleaner - Accept the input File
2023-10-24 16:11:46,542 [main] ERROR FileCleaner - Data validation error at line 5: Invalid email format.
2023-10-24 16:11:46,544 [main] INFO  FileCleaner - The Cleaned File is displayed in Console
2023-10-24 16:11:46,544 [main] INFO  FileCleaner - File is Cleaned
2023-10-24 16:12:29,007 [main] INFO  FileCleaner - File Cleaner
2023-10-24 16:12:29,011 [main] INFO  FileCleaner - Accept the input File
2023-10-24 16:12:36,286 [main] ERROR FileCleaner - Data validation error at line 5: Invalid email format.
2023-10-24 16:12:36,288 [main] INFO  FileCleaner - The Cleaned File is displayed in Console
2023-10-24 16:12:36,288 [main] INFO  FileCleaner - File is Cleaned
2023-10-24 16:13:45,408 [main] INFO  FileCleaner - File Cleaner
2023-10-24 16:13:45,410 [main] INFO  FileCleaner - Accept the input File
2023-10-24 16:13:51,767 [main] INFO  FileCleaner - The Cleaned File is displayed in Console
2023-10-24 16:13:51,768 [main] INFO  FileCleaner - File is Cleaned
2023-10-24 16:14:04,275 [main] INFO  FileCleaner - File Cleaner
2023-10-24 16:14:04,278 [main] INFO  FileCleaner - Accept the input File
2023-10-24 16:14:08,506 [main] ERROR FileCleaner - Data validation error at line 5: Invalid email format.
2023-10-24 16:14:08,507 [main] INFO  FileCleaner - The Cleaned File is displayed in Console
2023-10-24 16:14:08,508 [main] INFO  FileCleaner - File is Cleaned
2023-10-24 23:01:46,799 [main] INFO  FileCleaner - File Cleaner
2023-10-24 23:01:46,803 [main] INFO  FileCleaner - Accept the input File
2023-10-24 23:04:01,914 [main] ERROR FileCleaner - Input File is not found
2023-10-24 23:04:29,511 [main] INFO  FileCleaner - File Cleaner
2023-10-24 23:04:29,514 [main] INFO  FileCleaner - Accept the input File
2023-10-24 23:04:43,595 [main] ERROR FileCleaner - Input File not found in src/resources
2023-10-24 23:08:17,710 [main] INFO  FileCleaner - File Cleaner
2023-10-24 23:08:17,713 [main] INFO  FileCleaner - Accept the input File
2023-10-24 23:08:23,036 [main] ERROR FileCleaner - Input File not found in src/resources
2023-10-24 23:08:44,633 [main] INFO  FileCleaner - File Cleaner
2023-10-24 23:08:44,636 [main] INFO  FileCleaner - Accept the input File
2023-10-24 23:08:48,687 [main] ERROR FileCleaner - Input File not found in src/resources
2023-10-24 23:09:02,113 [main] INFO  FileCleaner - File Cleaner
2023-10-24 23:09:02,116 [main] INFO  FileCleaner - Accept the input File
2023-10-24 23:09:06,657 [main] ERROR FileCleaner - Input File not found in src/resources
2023-10-24 23:22:05,730 [main] INFO  FileCleaner - File Cleaner
2023-10-24 23:22:05,737 [main] INFO  FileCleaner - Accept the input File
2023-10-24 23:22:10,078 [main] ERROR FileCleaner - Data validation error at line 6: Invalid email format.
2023-10-24 23:22:10,081 [main] INFO  FileCleaner - The Cleaned File is displayed in Console
2023-10-24 23:22:10,081 [main] INFO  FileCleaner - File is Cleaned
2023-10-24 23:23:38,775 [main] INFO  FileCleaner - File Cleaner
2023-10-24 23:23:38,777 [main] INFO  FileCleaner - Accept the input File
2023-10-24 23:23:42,515 [main] ERROR FileCleaner - Data validation error at line 6: Invalid email format.
2023-10-24 23:23:42,517 [main] INFO  FileCleaner - The Cleaned File is displayed in Console
2023-10-24 23:23:42,518 [main] INFO  FileCleaner - File is Cleaned
2023-10-24 23:25:35,593 [main] INFO  FileCleaner - File Cleaner
2023-10-24 23:25:35,595 [main] INFO  FileCleaner - Accept the input File
2023-10-24 23:25:43,710 [main] ERROR FileCleaner - Data validation error at line 6: Invalid email format.
2023-10-24 23:25:43,712 [main] INFO  FileCleaner - The Cleaned File is displayed in Console
2023-10-24 23:25:43,713 [main] INFO  FileCleaner - File is Cleaned
2023-10-24 23:26:16,466 [main] INFO  FileCleaner - File Cleaner
2023-10-24 23:26:16,468 [main] INFO  FileCleaner - Accept the input File
2023-10-24 23:26:21,703 [main] ERROR FileCleaner - Data validation error at line 6: Invalid email format.
2023-10-24 23:26:21,705 [main] INFO  FileCleaner - The Cleaned File is displayed in Console
2023-10-24 23:26:21,705 [main] INFO  FileCleaner - File is Cleaned
2023-10-24 23:27:54,437 [main] INFO  FileCleaner - File Cleaner
2023-10-24 23:27:54,439 [main] INFO  FileCleaner - Accept the input File
2023-10-24 23:27:59,033 [main] ERROR FileCleaner - Data validation error at line 6: Invalid email format.
2023-10-24 23:27:59,035 [main] INFO  FileCleaner - The Cleaned File is displayed in Console
2023-10-24 23:27:59,035 [main] INFO  FileCleaner - File is Cleaned
2023-10-24 23:30:44,338 [main] INFO  FileCleaner - File Cleaner
2023-10-24 23:30:44,340 [main] INFO  FileCleaner - Accept the input File
2023-10-24 23:31:00,953 [main] ERROR FileCleaner - Data validation error at line 6: Invalid email format.
2023-10-24 23:31:00,955 [main] INFO  FileCleaner - The Cleaned File is displayed in Console
2023-10-24 23:31:00,955 [main] INFO  FileCleaner - File is Cleaned
2023-10-24 23:35:47,603 [main] INFO  FileCleaner - File Cleaner
2023-10-24 23:35:47,606 [main] INFO  FileCleaner - Accept the input File
2023-10-24 23:36:28,652 [main] INFO  FileCleaner - File Cleaner
2023-10-24 23:36:28,656 [main] INFO  FileCleaner - Accept the input File
2023-10-24 23:36:34,681 [main] ERROR FileCleaner - Data validation error at line 5: Invalid email format.
2023-10-24 23:36:34,684 [main] INFO  FileCleaner - The Cleaned File is displayed in Console
2023-10-24 23:36:34,684 [main] INFO  FileCleaner - File is Cleaned
2023-10-24 23:37:02,846 [main] INFO  FileCleaner - File Cleaner
2023-10-24 23:37:02,849 [main] INFO  FileCleaner - Accept the input File
2023-10-24 23:37:19,580 [main] ERROR FileCleaner - Data validation error at line 5: Invalid email format.
2023-10-24 23:37:19,581 [main] INFO  FileCleaner - The Cleaned File is displayed in Console
2023-10-24 23:37:19,582 [main] INFO  FileCleaner - File is Cleaned
2023-10-24 23:48:14,411 [main] INFO  FileCleaner - The Cleaned File is displayed in Console
2023-10-24 23:48:14,414 [main] INFO  FileCleaner - File is Cleaned
2023-10-24 23:48:49,763 [main] ERROR FileCleaner - Data validation error at line 5: Invalid email format.
2023-10-24 23:48:49,765 [main] INFO  FileCleaner - The Cleaned File is displayed in Console
2023-10-24 23:48:49,765 [main] INFO  FileCleaner - File is Cleaned
2023-10-24 23:51:09,718 [main] ERROR FileCleaner - Input File is not found
2023-10-24 23:51:25,818 [main] INFO  FileCleaner - The Cleaned File is displayed in Console
2023-10-24 23:51:25,819 [main] INFO  FileCleaner - File is Cleaned
2023-10-24 23:51:33,762 [main] ERROR FileCleaner - Data validation error at line 5: Invalid email format.
2023-10-24 23:51:33,763 [main] INFO  FileCleaner - The Cleaned File is displayed in Console
2023-10-24 23:51:33,763 [main] INFO  FileCleaner - File is Cleaned
2023-10-25 00:16:32,637 [main] ERROR FileCleaner - Input File is not found
2023-10-25 12:59:25,673 [main] INFO  FileCleaner - File Cleaner
2023-10-25 12:59:25,678 [main] INFO  FileCleaner - Accept the input File
2023-10-25 12:59:32,097 [main] ERROR FileCleaner - Data validation error at line 6: Invalid email format.
2023-10-25 12:59:32,100 [main] INFO  FileCleaner - The Cleaned File is displayed in Console
2023-10-25 12:59:32,100 [main] INFO  FileCleaner - File is Cleaned
2023-10-25 13:04:50,759 [main] INFO  FileCleaner - File Cleaner
2023-10-25 13:04:50,762 [main] INFO  FileCleaner - Accept the input File
2023-10-25 13:04:54,972 [main] ERROR FileCleaner - Data validation error at line 6: Invalid email format.
2023-10-25 13:04:54,974 [main] INFO  FileCleaner - The Cleaned File is displayed in Console
2023-10-25 13:04:54,974 [main] INFO  FileCleaner - File is Cleaned
2023-10-25 13:06:22,486 [main] INFO  FileCleaner - File Cleaner
2023-10-25 13:06:22,488 [main] INFO  FileCleaner - Accept the input File
2023-10-25 13:06:25,458 [main] ERROR FileCleaner - Data validation error at line 6: Invalid email format.
2023-10-25 13:06:25,460 [main] INFO  FileCleaner - The Cleaned File is displayed in Console
2023-10-25 13:06:25,461 [main] INFO  FileCleaner - File is Cleaned
2023-10-25 13:07:30,164 [main] INFO  FileCleaner - File Cleaner
2023-10-25 13:07:30,166 [main] INFO  FileCleaner - Accept the input File
2023-10-25 13:07:36,796 [main] ERROR FileCleaner - Data validation error at line 6: Invalid email format.
2023-10-25 13:07:36,800 [main] INFO  FileCleaner - The Cleaned File is displayed in Console
2023-10-25 13:07:36,800 [main] INFO  FileCleaner - File is Cleaned
2023-10-25 13:10:09,192 [main] INFO  FileCleaner - File Cleaner
2023-10-25 13:10:09,195 [main] INFO  FileCleaner - Accept the input File
2023-10-25 13:10:21,701 [main] ERROR FileCleaner - Data validation error at line 5: Invalid email format.
2023-10-25 13:10:21,705 [main] INFO  FileCleaner - The Cleaned File is displayed in Console
2023-10-25 13:10:21,705 [main] INFO  FileCleaner - File is Cleaned
2023-10-25 13:11:34,103 [main] INFO  FileCleaner - File Cleaner
2023-10-25 13:11:34,109 [main] INFO  FileCleaner - Accept the input File
2023-10-25 13:11:38,004 [main] ERROR FileCleaner - Data validation error at line 5: Invalid email format.
2023-10-25 13:11:38,005 [main] INFO  FileCleaner - The Cleaned File is displayed in Console
2023-10-25 13:11:38,005 [main] INFO  FileCleaner - File is Cleaned
2023-10-25 13:12:27,179 [main] INFO  FileCleaner - File Cleaner
2023-10-25 13:12:27,181 [main] INFO  FileCleaner - Accept the input File
2023-10-25 13:12:31,518 [main] ERROR FileCleaner - Data validation error at line 5: Invalid email format.
2023-10-25 13:12:31,520 [main] INFO  FileCleaner - The Cleaned File is displayed in Console
2023-10-25 13:12:31,520 [main] INFO  FileCleaner - File is Cleaned
2023-10-25 13:13:07,651 [main] INFO  FileCleaner - File Cleaner
2023-10-25 13:13:07,653 [main] INFO  FileCleaner - Accept the input File
2023-10-25 13:13:12,258 [main] ERROR FileCleaner - Data validation error at line 5: Invalid email format.
2023-10-25 13:13:12,259 [main] INFO  FileCleaner - The Cleaned File is displayed in Console
2023-10-25 13:13:12,259 [main] INFO  FileCleaner - File is Cleaned
2023-10-25 13:14:18,847 [main] INFO  FileCleaner - File Cleaner
2023-10-25 13:14:18,850 [main] INFO  FileCleaner - Accept the input File
2023-10-25 13:14:25,048 [main] ERROR FileCleaner - Data validation error at line 5: Invalid email format.
2023-10-25 13:14:25,051 [main] INFO  FileCleaner - The Cleaned File is displayed in Console
2023-10-25 13:14:25,051 [main] INFO  FileCleaner - File is Cleaned
2023-10-25 13:15:17,521 [main] INFO  FileCleaner - File Cleaner
2023-10-25 13:15:17,524 [main] INFO  FileCleaner - Accept the input File
2023-10-25 13:15:22,833 [main] ERROR FileCleaner - Data validation error at line 5: Invalid email format.
2023-10-25 13:15:22,837 [main] INFO  FileCleaner - The Cleaned File is displayed in Console
2023-10-25 13:15:22,838 [main] INFO  FileCleaner - File is Cleaned
2023-10-25 13:15:38,973 [main] INFO  FileCleaner - File Cleaner
2023-10-25 13:15:38,977 [main] INFO  FileCleaner - Accept the input File
2023-10-25 13:15:44,229 [main] ERROR FileCleaner - Data validation error at line 5: Invalid email format.
2023-10-25 13:15:44,233 [main] INFO  FileCleaner - The Cleaned File is displayed in Console
2023-10-25 13:15:44,233 [main] INFO  FileCleaner - File is Cleaned
2023-10-25 13:23:18,182 [main] INFO  FileCleaner - File Cleaner
2023-10-25 13:23:18,187 [main] INFO  FileCleaner - Accept the input File
2023-10-25 13:23:21,016 [main] ERROR FileCleaner - Data validation error at line 6: Invalid number of fields.
2023-10-25 13:23:21,019 [main] INFO  FileCleaner - The Cleaned File is displayed in Console
2023-10-25 13:23:21,019 [main] INFO  FileCleaner - File is Cleaned
2023-10-25 13:37:07,959 [main] INFO  FileCleaner - The Cleaned File is displayed in Console
2023-10-25 13:37:07,966 [main] INFO  FileCleaner - File is Cleaned
2023-10-25 13:37:18,923 [main] ERROR FileCleaner - Data validation error at line 6: Invalid email format.
2023-10-25 13:37:18,926 [main] ERROR FileCleaner - Error occurred while Processing
2023-10-25 13:38:10,965 [main] INFO  FileCleaner - The Cleaned File is displayed in Console
2023-10-25 13:38:10,972 [main] INFO  FileCleaner - File is Cleaned
2023-10-25 13:38:18,362 [main] ERROR FileCleaner - Data validation error at line 6: Invalid email format.
2023-10-25 13:38:18,363 [main] INFO  FileCleaner - The Cleaned File is displayed in Console
2023-10-25 13:38:18,363 [main] INFO  FileCleaner - File is Cleaned
2023-10-25 13:38:34,207 [main] INFO  FileCleaner - The Cleaned File is displayed in Console
2023-10-25 13:38:34,214 [main] INFO  FileCleaner - File is Cleaned
2023-10-25 13:39:19,280 [main] INFO  FileCleaner - The Cleaned File is displayed in Console
2023-10-25 13:39:19,285 [main] INFO  FileCleaner - File is Cleaned
2023-10-25 13:40:31,319 [main] INFO  FileCleaner - The Cleaned File is displayed in Console
2023-10-25 13:40:31,325 [main] INFO  FileCleaner - File is Cleaned
2023-10-25 13:40:44,467 [main] ERROR FileCleaner - Data validation error at line 5: Invalid email format.
2023-10-25 13:40:44,469 [main] INFO  FileCleaner - The Cleaned File is displayed in Console
2023-10-25 13:40:44,470 [main] INFO  FileCleaner - File is Cleaned
2023-10-25 13:40:59,918 [main] ERROR FileCleaner - Input File is not found
2023-10-25 14:17:24,969 [main] ERROR FileCleaner - Input File is not found
2023-10-25 14:17:31,090 [main] INFO  FileCleaner - The Cleaned File is displayed in Console
2023-10-25 14:17:31,090 [main] INFO  FileCleaner - File is Cleaned
2023-10-25 19:25:47,838 [main] INFO  FileCleaner - The Cleaned File is displayed in Console
2023-10-25 19:25:47,844 [main] INFO  FileCleaner - File is Cleaned
2023-10-25 19:28:14,658 [main] ERROR FileCleaner - Input File is not found
2023-10-25 19:28:25,146 [main] ERROR FileCleaner - Data validation error at line 6: Invalid email format.
2023-10-25 19:28:25,147 [main] INFO  FileCleaner - The Cleaned File is displayed in Console
2023-10-25 19:28:25,148 [main] INFO  FileCleaner - File is Cleaned
2023-10-25 19:33:27,857 [main] ERROR EmailListCleaner - Data validation error at line 3: Invalid number of fields.
2023-10-25 19:36:08,743 [main] ERROR EmailListCleaner - Data validation error at line 3: Invalid number of fields.
2023-10-25 19:36:24,012 [main] ERROR EmailListCleaner - Data validation error at line 3: Invalid number of fields.
